<?xml version="1.0" encoding="UTF-8"?>
<!-- Generated by org.testng.reporters.JUnitReportReporter -->
<testsuite skipped="0" hostname="DESKTOP-I1PR7FC" name="Execution.Main" tests="1" failures="0" timestamp="29 Mar 2018 08:51:48 GMT" time="31.683" errors="0">
  <testcase name="browser" time="31.683" classname="Execution.Main"/>
</testsuite> <!-- Execution.Main -->
